## transaction log
## this will get filled up with timestamped JSON strings showing commands
##    issued by the server, and requests/responses from the client.
## 
## Be careful, this will likely include sensitive information, like
##   * Device Tokens
##   * Devie Unlock Tokens
##   * Push Certificate Topic (not super sensitive, but still)
##   * Device information (UDID, phone numbers, blah blah blah)
##
## So if you want to send this to anyone, SCRUB IT FIRST
##

Mon Mar  7 15:53:40 2016 {'BuildVersion': '13D15', 'SerialNumber': 'DX5NNFMCFRC6', 'MessageType': 'Authenticate', 'ProductName': 'iPhone6,2', 'Topic': 'com.apple.mgmt.External.1b7d372f-9cb8-4de4-87aa-99aa2845cc8b', 'UDID': 'e62acfb28e3e6faf02ae15cbde22b6a6ebee7f15', 'IMEI': '35 203706 285333 4', 'OSVersion': '9.2.1'}
Mon Mar  7 15:53:40 2016 {}
Mon Mar  7 16:05:15 2016 {'BuildVersion': '13D15', 'SerialNumber': 'DX5NNFMCFRC6', 'MessageType': 'Authenticate', 'ProductName': 'iPhone6,2', 'Topic': 'com.apple.mgmt.External.1b7d372f-9cb8-4de4-87aa-99aa2845cc8b', 'UDID': 'e62acfb28e3e6faf02ae15cbde22b6a6ebee7f15', 'IMEI': '35 203706 285333 4', 'OSVersion': '9.2.1'}
Mon Mar  7 16:05:15 2016 {}
Mon Mar  7 16:56:07 2016 {'BuildVersion': '13D15', 'SerialNumber': 'DX5NNFMCFRC6', 'MessageType': 'Authenticate', 'ProductName': 'iPhone6,2', 'Topic': 'com.apple.mgmt.External.1b7d372f-9cb8-4de4-87aa-99aa2845cc8b', 'UDID': 'e62acfb28e3e6faf02ae15cbde22b6a6ebee7f15', 'IMEI': '35 203706 285333 4', 'OSVersion': '9.2.1'}
Mon Mar  7 16:56:07 2016 {}
Mon Mar  7 18:48:56 2016 {'BuildVersion': '13D15', 'SerialNumber': 'DX5NNFMCFRC6', 'MessageType': 'Authenticate', 'ProductName': 'iPhone6,2', 'Topic': 'com.apple.mgmt.External.1b7d372f-9cb8-4de4-87aa-99aa2845cc8b', 'UDID': 'e62acfb28e3e6faf02ae15cbde22b6a6ebee7f15', 'IMEI': '35 203706 285333 4', 'OSVersion': '9.2.1'}
Mon Mar  7 18:48:56 2016 {}
Mon Mar  7 18:49:01 2016 {'UDID': 'e62acfb28e3e6faf02ae15cbde22b6a6ebee7f15', 'UnlockToken': Data('DATA\x00\x00\x04\xe4VERS\x00\x00\x00\x04\x00\x00\x00\x04TYPE\x00\x00\x00\x04\x00\x00\x00\x02UUID\x00\x00\x00\x10L\x10\xa5Z\xf0\x15J\xd5\xad\xaa\x12\xfb\xad\xd2}\rHMCK\x00\x00\x00(\xb4.2\x17\x1bc=y\xdf\xf9Y\x98-_r*\xc9\x1d1\xb3?\xec]\x8d\xe5\x97A\x95vX\xf4S\xfb\xa1M\xcf\x02\xe0\xaaUWRAP\x00\x00\x00\x04\x00\x00\x00\x01SALT\x00\x00\x00\x14\x1e8\x94\xf3\xea\xa0\xa2\x12*\xc0\xb7\xb4%<\x0c\xf6l\x16c\xffITER\x00\x00\x00\x04\x00\x00\xc3PUUID\x00\x00\x00\x10\xa4\x9b\x015\xd7\xccG\x9d\xba\xd9_y\x10 \xfa\x81CLAS\x00\x00\x00\x04\x00\x00\x00\x01WRAP\x00\x00\x00\x04\x00\x00\x00\x03KTYP\x00\x00\x00\x04\x00\x00\x00\x00WPKY\x00\x00\x00(\x18\x1a\xe7g\xff\x03\x93L\x80\xa6\x96\xe9p\x80\xf1\xe7\xa8\x85\x98J\x138\xcf\x1evp@\x06m\xe3Q\x1a6\x12Af\x81hd=UUID\x00\x00\x00\x10\xcc\xd7D\x7fH$B\xd8\xb0\xd0\xf5\xa8M\'L\xeaCLAS\x00\x00\x00\x04\x00\x00\x00\x02WRAP\x00\x00\x00\x04\x00\x00\x00\x03KTYP\x00\x00\x00\x04\x00\x00\x00\x01WPKY\x00\x00\x00(\xbc\xe3"\xb9\x1dzO\xb6\xf8\xda~\x99f\x9fIV\x92\xee\xd4\x91\xdd.n\x08k\xa9{+\xc3\xb8\xe1\xac\xf5\x9f\xe2\x9f&6\x83mPBKY\x00\x00\x00 \xbd\xea\xea\x89\xb5\xf8\xee;\x1b\xf1\t\x9d.\xd0\x14\x9ao\xa4u\xfd\x9b\xf4PZ\xf1`\xe1t\x14\xd9\xe44UUID\x00\x00\x00\x10\xd6\x9en\x88<\xa5A\x9f\xa7\x1d!\xc4bw\x93\xcfCLAS\x00\x00\x00\x04\x00\x00\x00\x03WRAP\x00\x00\x00\x04\x00\x00\x00\x03KTYP\x00\x00\x00\x04\x00\x00\x00\x00WPKY\x00\x00\x00(\xbd\xdbN\x17\x0f\x0f\x9d\x93,\t\xa6U\x1e\xc4\xc9\xb3\x89}\x00\xc7f\xb4\xd6\xcb\xa0\x88\x0e\xdber\xbf\x0f\x15{\x19<\x18\x9d\x0e\x9fUUID\x00\x00\x00\x10\x81\xcc\x86\x0f\xb4;K\xec\xac\'6\x9e\xb6\xa2\xf6\xf0CLAS\x00\x00\x00\x04\x00\x00\x00\x05WRAP\x00\x00\x00\x04\x00\x00\x00\x03KTYP\x00\x00\x00\x04\x00\x00\x00\x00WPKY\x00\x00\x00(\xb4\xc8e\x1f\xa8\x19ff\xcc\xb0\x82\xd7\xa1\xfcz\xb3\x1fq\xc0\x9e\xa6\x0e\xfd\x8d\xf1\x7f\x92\xc1\xd8^\x0e\xfe\x7f\x13YH\xad\xf6\xcc\xfaUUID\x00\x00\x00\x10\xfa\x9b\xc5\xe7P,H\x1a\x81POv@\xca*\x81CLAS\x00\x00\x00\x04\x00\x00\x00\x06WRAP\x00\x00\x00\x04\x00\x00\x00\x03KTYP\x00\x00\x00\x04\x00\x00\x00\x00WPKY\x00\x00\x00(\x90\xc1gG>\xca\xfcX\xfd\x8d\xb3\t\x00">\x08\xe2\x87\x86\xc9\xe2\xb7\xadZ\xd6\x03\x043\xd6%\xce\xecp\xa2\x84\xfes\xe0`3UUID\x00\x00\x00\x10a\xab_\x11\xe1\x96M\xc7\x97\xf4\xa0S3\x10\x9a\xe3CLAS\x00\x00\x00\x04\x00\x00\x00\x07WRAP\x00\x00\x00\x04\x00\x00\x00\x03KTYP\x00\x00\x00\x04\x00\x00\x00\x00WPKY\x00\x00\x00(\x049\xed\x86\xbe\xb3<q\xf3\xad0}\x9b8b\xce\x03z^\xc6\xb4N\x0fv<\xe8*\x02N]\x00/\x18\xfc9\x1e\xf96\x0e\xbfUUID\x00\x00\x00\x10\x98U\xd1\x14]\x95BH\xab\xe9\xef\xe4X\x7f\x10\x85CLAS\x00\x00\x00\x04\x00\x00\x00\x08WRAP\x00\x00\x00\x04\x00\x00\x00\x01KTYP\x00\x00\x00\x04\x00\x00\x00\x00WPKY\x00\x00\x00 \xa2\x9a\xbe\x1079\xa5L\xd5\x97wO\x00\xc9\xeed\x08Q\xd4x\xa3]\xa6\x83\xa1\x1f\x13(C\xb8\xed)UUID\x00\x00\x00\x10\xd6\xd4\xae\xdf\x06\tF\xad\xa0\xcf\x1b\xcc\x12a1wCLAS\x00\x00\x00\x04\x00\x00\x00\tWRAP\x00\x00\x00\x04\x00\x00\x00\x03KTYP\x00\x00\x00\x04\x00\x00\x00\x00WPKY\x00\x00\x00(m#dDC\xffd\xb5\xffDav\x1a\xabovQc\x85:A\xaf#\xefw\n\xf7\xb8:,\x0f\xf6\xe4s(\xd2\xbe\x97\xfe\xb3UUID\x00\x00\x00\x10Q\xcbd\xad\x13\xadD\x97\x95D?\xfb\x80\xba\xe22CLAS\x00\x00\x00\x04\x00\x00\x00\nWRAP\x00\x00\x00\x04\x00\x00\x00\x03KTYP\x00\x00\x00\x04\x00\x00\x00\x00WPKY\x00\x00\x00(\x1ch\x12\xde\x11{\xd4\x08k\xa0\xc5y &L\x19\x95\xca\xa3M\xa3\x91\xfa\xa8\xca]l\x11Z\x89\xa5\xe5,\xaa\xccm5\xa0}\xf5UUID\x00\x00\x00\x10p8\nk\x10nN\xa8\xbf\xeb\xb9\xc6\xf6;\xcc\x17CLAS\x00\x00\x00\x04\x00\x00\x00\x0bWRAP\x00\x00\x00\x04\x00\x00\x00\x01KTYP\x00\x00\x00\x04\x00\x00\x00\x00WPKY\x00\x00\x00 \xe5\xd6\xbbT\xaa\x95A\xf2\xb7\x87a\xbf\xe6\xb15\x0e\x879t\xe5\x84\xe8\'\xda\x99S\xa6\x8e\x91+6tSIGN\x00\x00\x00\x14\xefH\xfe\x11\x05\xba\xaf\xc02\xd7C\x91\rh7\xd6\x1617\x19'), 'PushMagic': 'C2A35556-3C8A-45E4-A8A1-FAAF0A980D16', 'MessageType': 'TokenUpdate', 'Topic': 'com.apple.mgmt.External.1b7d372f-9cb8-4de4-87aa-99aa2845cc8b', 'AwaitingConfiguration': False, 'Token': Data('x\x94\t/\xd3\x900\xd7i\x1b\xcb\x9en\xec\xb5O\xd6\xfb\x13\xf4\xbbQ\x1f\xe5\x10\xaey\x7f\xee\xc0.\x83')}
Mon Mar  7 18:49:01 2016 {}
